[0m2021.04.08 15:47:44 INFO  Started: Metals version 0.10.1 in workspace '/home/sadcat/myfolder/Revature_Project_0' for client vscode 1.55.1.[0m
[0m2021.04.08 15:47:44 INFO  time: initialize in 0.55s[0m
[0m2021.04.08 15:47:45 WARN  Build server is not auto-connectable.[0m
[0m2021.04.08 15:47:45 WARN  no build tool detected in workspace '/home/sadcat/myfolder/Revature_Project_0'. The most common cause for this problem is that the editor was opened in the wrong working directory, for example if you use sbt then the workspace directory should contain build.sbt. [0m
[0m2021.04.08 15:47:45 WARN  no build target for: /home/sadcat/myfolder/Revature_Project_0/src/main/scala/game/Main.scala[0m
[0m2021.04.08 15:47:47 INFO  no build target: using presentation compiler with only scala-library: 2.12.13[0m
[0m2021.04.08 15:47:50 INFO  time: code lens generation in 1.05s[0m
[0m2021.04.08 15:47:50 INFO  time: code lens generation in 2.37s[0m
[0m2021.04.08 15:47:50 INFO  time: code lens generation in 4.26s[0m
[0m2021.04.08 15:47:50 INFO  time: code lens generation in 4.28s[0m
something's wrong: no file:///home/sadcat/myfolder/Revature_Project_0/src/main/scala/game/Main.scala in Array[<error>]RangePosition(file:///home/sadcat/myfolder/Revature_Project_0/src/main/scala/game/Main.scala, 47, 47, 56)
something's wrong: no file:///home/sadcat/myfolder/Revature_Project_0/src/main/scala/game/Main.scala in Array[<error>]RangePosition(file:///home/sadcat/myfolder/Revature_Project_0/src/main/scala/game/Main.scala, 47, 47, 58)
something's wrong: no file:///home/sadcat/myfolder/Revature_Project_0/src/main/scala/game/Main.scala in Array[<error>]RangePosition(file:///home/sadcat/myfolder/Revature_Project_0/src/main/scala/game/Main.scala, 47, 47, 62)
something's wrong: no file:///home/sadcat/myfolder/Revature_Project_0/src/main/scala/game/Main.scala in Array[<error>]RangePosition(file:///home/sadcat/myfolder/Revature_Project_0/src/main/scala/game/Main.scala, 47, 47, 55)
something's wrong: no file:///home/sadcat/myfolder/Revature_Project_0/src/main/scala/game/Main.scala in Array[<error>]RangePosition(file:///home/sadcat/myfolder/Revature_Project_0/src/main/scala/game/Main.scala, 47, 47, 56)
something's wrong: no file:///home/sadcat/myfolder/Revature_Project_0/src/main/scala/game/Main.scala in Array[<error>]RangePosition(file:///home/sadcat/myfolder/Revature_Project_0/src/main/scala/game/Main.scala, 47, 47, 58)
something's wrong: no file:///home/sadcat/myfolder/Revature_Project_0/src/main/scala/game/Main.scala in Array[String]RangePosition(file:///home/sadcat/myfolder/Revature_Project_0/src/main/scala/game/Main.scala, 47, 47, 60)
[0m2021.04.08 15:48:32 WARN  no build target for: /home/sadcat/myfolder/Revature_Project_0/src/main/scala/game/Main.scala[0m
